Analysis & Synthesis report for calculette
Wed Sep 15 07:44:36 2021
Quartus Prime Version 18.1.0 Build 625 09/12/2018 SJ Lite Edition


---------------------
; Table of Contents ;
---------------------
  1. Legal Notice
  2. Analysis & Synthesis Summary
  3. Analysis & Synthesis Settings
  4. Parallel Compilation
  5. Analysis & Synthesis Source Files Read
  6. Analysis & Synthesis Resource Usage Summary
  7. Analysis & Synthesis Resource Utilization by Entity
  8. General Register Statistics
  9. Parameter Settings for Inferred Entity Instance: lpm_divide:Div0
 10. Post-Synthesis Netlist Statistics for Top Partition
 11. Elapsed Time Per Partition
 12. Analysis & Synthesis Messages



----------------
; Legal Notice ;
----------------
Copyright (C) 2018  Intel Corporation. All rights reserved.
Your use of Intel Corporation's design tools, logic functions 
and other software and tools, and its AMPP partner logic 
functions, and any output files from any of the foregoing 
(including device programming or simulation files), and any 
associated documentation or information are expressly subject 
to the terms and conditions of the Intel Program License 
Subscription Agreement, the Intel Quartus Prime License Agreement,
the Intel FPGA IP License Agreement, or other applicable license
agreement, including, without limitation, that your use is for
the sole purpose of programming logic devices manufactured by
Intel and sold by Intel or its authorized distributors.  Please
refer to the applicable agreement for further details.



+----------------------------------------------------------------------------------+
; Analysis & Synthesis Summary                                                     ;
+------------------------------------+---------------------------------------------+
; Analysis & Synthesis Status        ; Successful - Wed Sep 15 07:44:36 2021       ;
; Quartus Prime Version              ; 18.1.0 Build 625 09/12/2018 SJ Lite Edition ;
; Revision Name                      ; calculette                                  ;
; Top-level Entity Name              ; separateur_diz_unit                         ;
; Family                             ; MAX 10                                      ;
; Total logic elements               ; 37                                          ;
;     Total combinational functions  ; 37                                          ;
;     Dedicated logic registers      ; 0                                           ;
; Total registers                    ; 0                                           ;
; Total pins                         ; 14                                          ;
; Total virtual pins                 ; 0                                           ;
; Total memory bits                  ; 0                                           ;
; Embedded Multiplier 9-bit elements ; 0                                           ;
; Total PLLs                         ; 0                                           ;
; UFM blocks                         ; 0                                           ;
; ADC blocks                         ; 0                                           ;
+------------------------------------+---------------------------------------------+


+-------------------------------------------------------------------------------------------------------------+
; Analysis & Synthesis Settings                                                                               ;
+------------------------------------------------------------------+---------------------+--------------------+
; Option                                                           ; Setting             ; Default Value      ;
+------------------------------------------------------------------+---------------------+--------------------+
; Device                                                           ; 10M50DAF484C7G      ;                    ;
; Top-level entity name                                            ; separateur_diz_unit ; calculette         ;
; Family name                                                      ; MAX 10              ; Cyclone V          ;
; Type of Retiming Performed During Resynthesis                    ; Full                ;                    ;
; Resynthesis Optimization Effort                                  ; Normal              ;                    ;
; Physical Synthesis Level for Resynthesis                         ; Normal              ;                    ;
; Use Generated Physical Constraints File                          ; On                  ;                    ;
; Use smart compilation                                            ; Off                 ; Off                ;
; Enable parallel Assembler and Timing Analyzer during compilation ; On                  ; On                 ;
; Enable compact report table                                      ; Off                 ; Off                ;
; Restructure Multiplexers                                         ; Auto                ; Auto               ;
; Create Debugging Nodes for IP Cores                              ; Off                 ; Off                ;
; Preserve fewer node names                                        ; On                  ; On                 ;
; Intel FPGA IP Evaluation Mode                                    ; Enable              ; Enable             ;
; Verilog Version                                                  ; Verilog_2001        ; Verilog_2001       ;
; VHDL Version                                                     ; VHDL_1993           ; VHDL_1993          ;
; State Machine Processing                                         ; Auto                ; Auto               ;
; Safe State Machine                                               ; Off                 ; Off                ;
; Extract Verilog State Machines                                   ; On                  ; On                 ;
; Extract VHDL State Machines                                      ; On                  ; On                 ;
; Ignore Verilog initial constructs                                ; Off                 ; Off                ;
; Iteration limit for constant Verilog loops                       ; 5000                ; 5000               ;
; Iteration limit for non-constant Verilog loops                   ; 250                 ; 250                ;
; Add Pass-Through Logic to Inferred RAMs                          ; On                  ; On                 ;
; Infer RAMs from Raw Logic                                        ; On                  ; On                 ;
; Parallel Synthesis                                               ; On                  ; On                 ;
; DSP Block Balancing                                              ; Auto                ; Auto               ;
; NOT Gate Push-Back                                               ; On                  ; On                 ;
; Power-Up Don't Care                                              ; On                  ; On                 ;
; Remove Redundant Logic Cells                                     ; Off                 ; Off                ;
; Remove Duplicate Registers                                       ; On                  ; On                 ;
; Ignore CARRY Buffers                                             ; Off                 ; Off                ;
; Ignore CASCADE Buffers                                           ; Off                 ; Off                ;
; Ignore GLOBAL Buffers                                            ; Off                 ; Off                ;
; Ignore ROW GLOBAL Buffers                                        ; Off                 ; Off                ;
; Ignore LCELL Buffers                                             ; Off                 ; Off                ;
; Ignore SOFT Buffers                                              ; On                  ; On                 ;
; Limit AHDL Integers to 32 Bits                                   ; Off                 ; Off                ;
; Optimization Technique                                           ; Balanced            ; Balanced           ;
; Carry Chain Length                                               ; 70                  ; 70                 ;
; Auto Carry Chains                                                ; On                  ; On                 ;
; Auto Open-Drain Pins                                             ; On                  ; On                 ;
; Perform WYSIWYG Primitive Resynthesis                            ; Off                 ; Off                ;
; Auto ROM Replacement                                             ; On                  ; On                 ;
; Auto RAM Replacement                                             ; On                  ; On                 ;
; Auto DSP Block Replacement                                       ; On                  ; On                 ;
; Auto Shift Register Replacement                                  ; Auto                ; Auto               ;
; Allow Shift Register Merging across Hierarchies                  ; Auto                ; Auto               ;
; Auto Clock Enable Replacement                                    ; On                  ; On                 ;
; Strict RAM Replacement                                           ; Off                 ; Off                ;
; Allow Synchronous Control Signals                                ; On                  ; On                 ;
; Force Use of Synchronous Clear Signals                           ; Off                 ; Off                ;
; Auto RAM Block Balancing                                         ; On                  ; On                 ;
; Auto RAM to Logic Cell Conversion                                ; Off                 ; Off                ;
; Auto Resource Sharing                                            ; Off                 ; Off                ;
; Allow Any RAM Size For Recognition                               ; Off                 ; Off                ;
; Allow Any ROM Size For Recognition                               ; Off                 ; Off                ;
; Allow Any Shift Register Size For Recognition                    ; Off                 ; Off                ;
; Use LogicLock Constraints during Resource Balancing              ; On                  ; On                 ;
; Ignore translate_off and synthesis_off directives                ; Off                 ; Off                ;
; Timing-Driven Synthesis                                          ; On                  ; On                 ;
; Report Parameter Settings                                        ; On                  ; On                 ;
; Report Source Assignments                                        ; On                  ; On                 ;
; Report Connectivity Checks                                       ; On                  ; On                 ;
; Ignore Maximum Fan-Out Assignments                               ; Off                 ; Off                ;
; Synchronization Register Chain Length                            ; 2                   ; 2                  ;
; Power Optimization During Synthesis                              ; Normal compilation  ; Normal compilation ;
; HDL message level                                                ; Level2              ; Level2             ;
; Suppress Register Optimization Related Messages                  ; Off                 ; Off                ;
; Number of Removed Registers Reported in Synthesis Report         ; 5000                ; 5000               ;
; Number of Swept Nodes Reported in Synthesis Report               ; 5000                ; 5000               ;
; Number of Inverted Registers Reported in Synthesis Report        ; 100                 ; 100                ;
; Clock MUX Protection                                             ; On                  ; On                 ;
; Auto Gated Clock Conversion                                      ; Off                 ; Off                ;
; Block Design Naming                                              ; Auto                ; Auto               ;
; SDC constraint protection                                        ; Off                 ; Off                ;
; Synthesis Effort                                                 ; Auto                ; Auto               ;
; Shift Register Replacement - Allow Asynchronous Clear Signal     ; On                  ; On                 ;
; Pre-Mapping Resynthesis Optimization                             ; Off                 ; Off                ;
; Analysis & Synthesis Message Level                               ; Medium              ; Medium             ;
; Disable Register Merging Across Hierarchies                      ; Auto                ; Auto               ;
; Resource Aware Inference For Block RAM                           ; On                  ; On                 ;
+------------------------------------------------------------------+---------------------+--------------------+


+------------------------------------------+
; Parallel Compilation                     ;
+----------------------------+-------------+
; Processors                 ; Number      ;
+----------------------------+-------------+
; Number detected on machine ; 16          ;
; Maximum allowed            ; 8           ;
;                            ;             ;
; Average used               ; 1.00        ;
; Maximum used               ; 1           ;
;                            ;             ;
; Usage by Processor         ; % Time Used ;
;     Processor 1            ; 100.0%      ;
+----------------------------+-------------+


+-------------------------------------------------------------------------------------------------------------------------------------------------------------------------------------+
; Analysis & Synthesis Source Files Read                                                                                                                                              ;
+----------------------------------+-----------------+------------------------------+---------------------------------------------------------------------------------------+---------+
; File Name with User-Entered Path ; Used in Netlist ; File Type                    ; File Name with Absolute Path                                                          ; Library ;
+----------------------------------+-----------------+------------------------------+---------------------------------------------------------------------------------------+---------+
; separator_diz_unit.vhd           ; yes             ; User VHDL File               ; C:/Users/thoma/OneDrive/Documents/VHDL-FPGA/Projet-VHDL/Projet/separator_diz_unit.vhd ;         ;
; lpm_divide.tdf                   ; yes             ; Megafunction                 ; d:/intel-fpga-complete/intel-fpga/quartus/libraries/megafunctions/lpm_divide.tdf      ;         ;
; abs_divider.inc                  ; yes             ; Megafunction                 ; d:/intel-fpga-complete/intel-fpga/quartus/libraries/megafunctions/abs_divider.inc     ;         ;
; sign_div_unsign.inc              ; yes             ; Megafunction                 ; d:/intel-fpga-complete/intel-fpga/quartus/libraries/megafunctions/sign_div_unsign.inc ;         ;
; aglobal181.inc                   ; yes             ; Megafunction                 ; d:/intel-fpga-complete/intel-fpga/quartus/libraries/megafunctions/aglobal181.inc      ;         ;
; db/lpm_divide_fbo.tdf            ; yes             ; Auto-Generated Megafunction  ; C:/Users/thoma/OneDrive/Documents/VHDL-FPGA/Projet-VHDL/Projet/db/lpm_divide_fbo.tdf  ;         ;
; db/abs_divider_kbg.tdf           ; yes             ; Auto-Generated Megafunction  ; C:/Users/thoma/OneDrive/Documents/VHDL-FPGA/Projet-VHDL/Projet/db/abs_divider_kbg.tdf ;         ;
; db/alt_u_div_she.tdf             ; yes             ; Auto-Generated Megafunction  ; C:/Users/thoma/OneDrive/Documents/VHDL-FPGA/Projet-VHDL/Projet/db/alt_u_div_she.tdf   ;         ;
; db/add_sub_t3c.tdf               ; yes             ; Auto-Generated Megafunction  ; C:/Users/thoma/OneDrive/Documents/VHDL-FPGA/Projet-VHDL/Projet/db/add_sub_t3c.tdf     ;         ;
; db/add_sub_u3c.tdf               ; yes             ; Auto-Generated Megafunction  ; C:/Users/thoma/OneDrive/Documents/VHDL-FPGA/Projet-VHDL/Projet/db/add_sub_u3c.tdf     ;         ;
; db/lpm_abs_o99.tdf               ; yes             ; Auto-Generated Megafunction  ; C:/Users/thoma/OneDrive/Documents/VHDL-FPGA/Projet-VHDL/Projet/db/lpm_abs_o99.tdf     ;         ;
; db/lpm_abs_8b9.tdf               ; yes             ; Auto-Generated Megafunction  ; C:/Users/thoma/OneDrive/Documents/VHDL-FPGA/Projet-VHDL/Projet/db/lpm_abs_8b9.tdf     ;         ;
+----------------------------------+-----------------+------------------------------+---------------------------------------------------------------------------------------+---------+


+-----------------------------------------------------------------------------------------------------------------------------------------------------------------------+
; Analysis & Synthesis Resource Usage Summary                                                                                                                           ;
+---------------------------------------------+-------------------------------------------------------------------------------------------------------------------------+
; Resource                                    ; Usage                                                                                                                   ;
+---------------------------------------------+-------------------------------------------------------------------------------------------------------------------------+
; Estimated Total logic elements              ; 37                                                                                                                      ;
;                                             ;                                                                                                                         ;
; Total combinational functions               ; 37                                                                                                                      ;
; Logic element usage by number of LUT inputs ;                                                                                                                         ;
;     -- 4 input functions                    ; 3                                                                                                                       ;
;     -- 3 input functions                    ; 9                                                                                                                       ;
;     -- <=2 input functions                  ; 25                                                                                                                      ;
;                                             ;                                                                                                                         ;
; Logic elements by mode                      ;                                                                                                                         ;
;     -- normal mode                          ; 22                                                                                                                      ;
;     -- arithmetic mode                      ; 15                                                                                                                      ;
;                                             ;                                                                                                                         ;
; Total registers                             ; 0                                                                                                                       ;
;     -- Dedicated logic registers            ; 0                                                                                                                       ;
;     -- I/O registers                        ; 0                                                                                                                       ;
;                                             ;                                                                                                                         ;
; I/O pins                                    ; 14                                                                                                                      ;
;                                             ;                                                                                                                         ;
; Embedded Multiplier 9-bit elements          ; 0                                                                                                                       ;
;                                             ;                                                                                                                         ;
; Maximum fan-out node                        ; lpm_divide:Div0|lpm_divide_fbo:auto_generated|abs_divider_kbg:divider|alt_u_div_she:divider|add_sub_29_result_int[6]~10 ;
; Maximum fan-out                             ; 13                                                                                                                      ;
; Total fan-out                               ; 102                                                                                                                     ;
; Average fan-out                             ; 1.57                                                                                                                    ;
+---------------------------------------------+-------------------------------------------------------------------------------------------------------------------------+


+----------------------------------------------------------------------------------------------------------------------------------------------------------------------------------------------------------------------------------------------------------------------------------------------------------------------------------------------------+
; Analysis & Synthesis Resource Utilization by Entity                                                                                                                                                                                                                                                                                                ;
+---------------------------------------+---------------------+---------------------------+-------------+------------+--------------+---------+-----------+------+--------------+------------+------------------------------------------------------------------------------------------------------------------+---------------------+--------------+
; Compilation Hierarchy Node            ; Combinational ALUTs ; Dedicated Logic Registers ; Memory Bits ; UFM Blocks ; DSP Elements ; DSP 9x9 ; DSP 18x18 ; Pins ; Virtual Pins ; ADC blocks ; Full Hierarchy Name                                                                                              ; Entity Name         ; Library Name ;
+---------------------------------------+---------------------+---------------------------+-------------+------------+--------------+---------+-----------+------+--------------+------------+------------------------------------------------------------------------------------------------------------------+---------------------+--------------+
; |separateur_diz_unit                  ; 37 (0)              ; 0 (0)                     ; 0           ; 0          ; 0            ; 0       ; 0         ; 14   ; 0            ; 0          ; |separateur_diz_unit                                                                                             ; separateur_diz_unit ; work         ;
;    |lpm_divide:Div0|                  ; 37 (0)              ; 0 (0)                     ; 0           ; 0          ; 0            ; 0       ; 0         ; 0    ; 0            ; 0          ; |separateur_diz_unit|lpm_divide:Div0                                                                             ; lpm_divide          ; work         ;
;       |lpm_divide_fbo:auto_generated| ; 37 (0)              ; 0 (0)                     ; 0           ; 0          ; 0            ; 0       ; 0         ; 0    ; 0            ; 0          ; |separateur_diz_unit|lpm_divide:Div0|lpm_divide_fbo:auto_generated                                               ; lpm_divide_fbo      ; work         ;
;          |abs_divider_kbg:divider|    ; 37 (0)              ; 0 (0)                     ; 0           ; 0          ; 0            ; 0       ; 0         ; 0    ; 0            ; 0          ; |separateur_diz_unit|lpm_divide:Div0|lpm_divide_fbo:auto_generated|abs_divider_kbg:divider                       ; abs_divider_kbg     ; work         ;
;             |alt_u_div_she:divider|   ; 37 (37)             ; 0 (0)                     ; 0           ; 0          ; 0            ; 0       ; 0         ; 0    ; 0            ; 0          ; |separateur_diz_unit|lpm_divide:Div0|lpm_divide_fbo:auto_generated|abs_divider_kbg:divider|alt_u_div_she:divider ; alt_u_div_she       ; work         ;
+---------------------------------------+---------------------+---------------------------+-------------+------------+--------------+---------+-----------+------+--------------+------------+------------------------------------------------------------------------------------------------------------------+---------------------+--------------+
Note: For table entries with two numbers listed, the numbers in parentheses indicate the number of resources of the given type used by the specific entity alone. The numbers listed outside of parentheses indicate the total resources of the given type used by the specific entity and all of its sub-entities in the hierarchy.


+------------------------------------------------------+
; General Register Statistics                          ;
+----------------------------------------------+-------+
; Statistic                                    ; Value ;
+----------------------------------------------+-------+
; Total registers                              ; 0     ;
; Number of registers using Synchronous Clear  ; 0     ;
; Number of registers using Synchronous Load   ; 0     ;
; Number of registers using Asynchronous Clear ; 0     ;
; Number of registers using Asynchronous Load  ; 0     ;
; Number of registers using Clock Enable       ; 0     ;
; Number of registers using Preset             ; 0     ;
+----------------------------------------------+-------+


+------------------------------------------------------------------+
; Parameter Settings for Inferred Entity Instance: lpm_divide:Div0 ;
+------------------------+----------------+------------------------+
; Parameter Name         ; Value          ; Type                   ;
+------------------------+----------------+------------------------+
; LPM_WIDTHN             ; 32             ; Untyped                ;
; LPM_WIDTHD             ; 5              ; Untyped                ;
; LPM_NREPRESENTATION    ; SIGNED         ; Untyped                ;
; LPM_DREPRESENTATION    ; SIGNED         ; Untyped                ;
; LPM_PIPELINE           ; 0              ; Untyped                ;
; LPM_REMAINDERPOSITIVE  ; FALSE          ; Untyped                ;
; MAXIMIZE_SPEED         ; 5              ; Untyped                ;
; CBXI_PARAMETER         ; lpm_divide_fbo ; Untyped                ;
; CARRY_CHAIN            ; MANUAL         ; Untyped                ;
; OPTIMIZE_FOR_SPEED     ; 5              ; Untyped                ;
; AUTO_CARRY_CHAINS      ; ON             ; AUTO_CARRY             ;
; IGNORE_CARRY_BUFFERS   ; OFF            ; IGNORE_CARRY           ;
; AUTO_CASCADE_CHAINS    ; ON             ; AUTO_CASCADE           ;
; IGNORE_CASCADE_BUFFERS ; OFF            ; IGNORE_CASCADE         ;
+------------------------+----------------+------------------------+
Note: In order to hide this table in the UI and the text report file, please set the "Show Parameter Settings in Synthesis Report" option in "Analysis and Synthesis Settings -> More Settings" to "Off".


+-----------------------------------------------------+
; Post-Synthesis Netlist Statistics for Top Partition ;
+-----------------------+-----------------------------+
; Type                  ; Count                       ;
+-----------------------+-----------------------------+
; boundary_port         ; 14                          ;
; cycloneiii_lcell_comb ; 41                          ;
;     arith             ; 15                          ;
;         1 data inputs ; 2                           ;
;         2 data inputs ; 4                           ;
;         3 data inputs ; 9                           ;
;     normal            ; 26                          ;
;         0 data inputs ; 4                           ;
;         1 data inputs ; 3                           ;
;         2 data inputs ; 16                          ;
;         4 data inputs ; 3                           ;
;                       ;                             ;
; Max LUT depth         ; 7.50                        ;
; Average LUT depth     ; 6.83                        ;
+-----------------------+-----------------------------+


+-------------------------------+
; Elapsed Time Per Partition    ;
+----------------+--------------+
; Partition Name ; Elapsed Time ;
+----------------+--------------+
; Top            ; 00:00:00     ;
+----------------+--------------+


+-------------------------------+
; Analysis & Synthesis Messages ;
+-------------------------------+
Info: *******************************************************************
Info: Running Quartus Prime Analysis & Synthesis
    Info: Version 18.1.0 Build 625 09/12/2018 SJ Lite Edition
    Info: Processing started: Wed Sep 15 07:44:29 2021
Info: Command: quartus_map --read_settings_files=on --write_settings_files=off calculette -c calculette
Warning (18236): Number of processors has not been specified which may cause overloading on shared machines.  Set the global assignment NUM_PARALLEL_PROCESSORS in your QSF to an appropriate value for best performance.
Info (20030): Parallel compilation is enabled and will use 8 of the 8 processors detected
Info (12021): Found 2 design units, including 1 entities, in source file leds_7segs.vhd
    Info (12022): Found design unit 1: seg7-archi_seg7 File: C:/Users/thoma/OneDrive/Documents/VHDL-FPGA/Projet-VHDL/Projet/leds_7segs.vhd Line: 11
    Info (12023): Found entity 1: seg7 File: C:/Users/thoma/OneDrive/Documents/VHDL-FPGA/Projet-VHDL/Projet/leds_7segs.vhd Line: 4
Info (12021): Found 2 design units, including 1 entities, in source file add_4bit.vhd
    Info (12022): Found design unit 1: add_4bit-archi_4bits File: C:/Users/thoma/OneDrive/Documents/VHDL-FPGA/Projet-VHDL/Projet/add_4bit.vhd Line: 13
    Info (12023): Found entity 1: add_4bit File: C:/Users/thoma/OneDrive/Documents/VHDL-FPGA/Projet-VHDL/Projet/add_4bit.vhd Line: 5
Info (12021): Found 2 design units, including 1 entities, in source file add_1bit.vhd
    Info (12022): Found design unit 1: add_1bit-archi_1bit File: C:/Users/thoma/OneDrive/Documents/VHDL-FPGA/Projet-VHDL/Projet/add_1bit.vhd Line: 10
    Info (12023): Found entity 1: add_1bit File: C:/Users/thoma/OneDrive/Documents/VHDL-FPGA/Projet-VHDL/Projet/add_1bit.vhd Line: 4
Warning (12019): Can't analyze file -- file doble_7seg.vhd is missing
Info (12021): Found 2 design units, including 1 entities, in source file separator_diz_unit.vhd
    Info (12022): Found design unit 1: separateur_diz_unit-archi_sep_diz_unit File: C:/Users/thoma/OneDrive/Documents/VHDL-FPGA/Projet-VHDL/Projet/separator_diz_unit.vhd Line: 11
    Info (12023): Found entity 1: separateur_diz_unit File: C:/Users/thoma/OneDrive/Documents/VHDL-FPGA/Projet-VHDL/Projet/separator_diz_unit.vhd Line: 5
Warning (12019): Can't analyze file -- file test_affichage.vhd is missing
Info (12021): Found 2 design units, including 1 entities, in source file test_add.vhd
    Info (12022): Found design unit 1: add_unsigned-archi_affichage_test File: C:/Users/thoma/OneDrive/Documents/VHDL-FPGA/Projet-VHDL/Projet/test_add.vhd Line: 11
    Info (12023): Found entity 1: add_unsigned File: C:/Users/thoma/OneDrive/Documents/VHDL-FPGA/Projet-VHDL/Projet/test_add.vhd Line: 5
Info (12021): Found 2 design units, including 1 entities, in source file calculette.vhd
    Info (12022): Found design unit 1: calculette-behavioral File: C:/Users/thoma/OneDrive/Documents/VHDL-FPGA/Projet-VHDL/Projet/calculette.vhd Line: 12
    Info (12023): Found entity 1: calculette File: C:/Users/thoma/OneDrive/Documents/VHDL-FPGA/Projet-VHDL/Projet/calculette.vhd Line: 5
Info (12127): Elaborating entity "separateur_diz_unit" for the top level hierarchy
Warning (10036): Verilog HDL or VHDL warning at separator_diz_unit.vhd(12): object "unit" assigned a value but never read File: C:/Users/thoma/OneDrive/Documents/VHDL-FPGA/Projet-VHDL/Projet/separator_diz_unit.vhd Line: 12
Info (278001): Inferred 1 megafunctions from design logic
    Info (278004): Inferred divider/modulo megafunction ("lpm_divide") from the following logic: "Div0" File: C:/Users/thoma/OneDrive/Documents/VHDL-FPGA/Projet-VHDL/Projet/separator_diz_unit.vhd Line: 15
Info (12130): Elaborated megafunction instantiation "lpm_divide:Div0" File: C:/Users/thoma/OneDrive/Documents/VHDL-FPGA/Projet-VHDL/Projet/separator_diz_unit.vhd Line: 15
Info (12133): Instantiated megafunction "lpm_divide:Div0" with the following parameter: File: C:/Users/thoma/OneDrive/Documents/VHDL-FPGA/Projet-VHDL/Projet/separator_diz_unit.vhd Line: 15
    Info (12134): Parameter "LPM_WIDTHN" = "32"
    Info (12134): Parameter "LPM_WIDTHD" = "5"
    Info (12134): Parameter "LPM_NREPRESENTATION" = "SIGNED"
    Info (12134): Parameter "LPM_DREPRESENTATION" = "SIGNED"
    Info (12134): Parameter "LPM_HINT" = "LPM_REMAINDERPOSITIVE=FALSE"
Info (12021): Found 1 design units, including 1 entities, in source file db/lpm_divide_fbo.tdf
    Info (12023): Found entity 1: lpm_divide_fbo File: C:/Users/thoma/OneDrive/Documents/VHDL-FPGA/Projet-VHDL/Projet/db/lpm_divide_fbo.tdf Line: 24
Info (12021): Found 1 design units, including 1 entities, in source file db/abs_divider_kbg.tdf
    Info (12023): Found entity 1: abs_divider_kbg File: C:/Users/thoma/OneDrive/Documents/VHDL-FPGA/Projet-VHDL/Projet/db/abs_divider_kbg.tdf Line: 28
Info (12021): Found 1 design units, including 1 entities, in source file db/alt_u_div_she.tdf
    Info (12023): Found entity 1: alt_u_div_she File: C:/Users/thoma/OneDrive/Documents/VHDL-FPGA/Projet-VHDL/Projet/db/alt_u_div_she.tdf Line: 26
Info (12021): Found 1 design units, including 1 entities, in source file db/add_sub_t3c.tdf
    Info (12023): Found entity 1: add_sub_t3c File: C:/Users/thoma/OneDrive/Documents/VHDL-FPGA/Projet-VHDL/Projet/db/add_sub_t3c.tdf Line: 22
Info (12021): Found 1 design units, including 1 entities, in source file db/add_sub_u3c.tdf
    Info (12023): Found entity 1: add_sub_u3c File: C:/Users/thoma/OneDrive/Documents/VHDL-FPGA/Projet-VHDL/Projet/db/add_sub_u3c.tdf Line: 22
Info (12021): Found 1 design units, including 1 entities, in source file db/lpm_abs_o99.tdf
    Info (12023): Found entity 1: lpm_abs_o99 File: C:/Users/thoma/OneDrive/Documents/VHDL-FPGA/Projet-VHDL/Projet/db/lpm_abs_o99.tdf Line: 24
Info (12021): Found 1 design units, including 1 entities, in source file db/lpm_abs_8b9.tdf
    Info (12023): Found entity 1: lpm_abs_8b9 File: C:/Users/thoma/OneDrive/Documents/VHDL-FPGA/Projet-VHDL/Projet/db/lpm_abs_8b9.tdf Line: 24
Warning (13024): Output pins are stuck at VCC or GND
    Warning (13410): Pin "dizaine[3]" is stuck at GND File: C:/Users/thoma/OneDrive/Documents/VHDL-FPGA/Projet-VHDL/Projet/separator_diz_unit.vhd Line: 7
Info (286030): Timing-Driven Synthesis is running
Info (16010): Generating hard_block partition "hard_block:auto_generated_inst"
    Info (16011): Adding 0 node(s), including 0 DDIO, 0 PLL, 0 transceiver and 0 LCELL
Info (21057): Implemented 51 device resources after synthesis - the final resource count might be different
    Info (21058): Implemented 6 input pins
    Info (21059): Implemented 8 output pins
    Info (21061): Implemented 37 logic cells
Info: Quartus Prime Analysis & Synthesis was successful. 0 errors, 6 warnings
    Info: Peak virtual memory: 4809 megabytes
    Info: Processing ended: Wed Sep 15 07:44:36 2021
    Info: Elapsed time: 00:00:07
    Info: Total CPU time (on all processors): 00:00:15


